<?xml version="1.0" encoding="UTF-8"?>
<!-- Generated by org.testng.reporters.JUnitXMLReporter -->
<testsuite ignored="1" hostname="DESKTOP-9T6KQTB" failures="0" tests="2" name="Default test" time="22.616" errors="0" timestamp="2023-02-01T08:55:11 IST">
  <testcase classname="testngDemo.testSuit1" name="drop" time="3.671"/>
  <testcase classname="testngDemo.testSuit1" name="test1" time="5.897"/>
  <testcase classname="testngDemo.testSuit1" name="dropDown" time="0.0">
    <ignored/>
  </testcase> <!-- dropDown -->
</testsuite> <!-- Default test -->
