<?xml version="1.0" encoding="UTF-8"?>
<testng-results ignored="2" total="2" passed="0" failed="0" skipped="0">
  <reporter-output>
  </reporter-output>
  <suite started-at="2023-02-15T00:13:31 IST" name="Default suite" finished-at="2023-02-15T00:13:40 IST" duration-ms="8930">
    <groups>
    </groups>
    <test started-at="2023-02-15T00:13:31 IST" name="Default test" finished-at="2023-02-15T00:13:40 IST" duration-ms="8930">
      <class name="testngDemo.testSuit">
        <test-method is-config="true" signature="initExtentReport()[pri:0, instance:testngDemo.testSuit@659499f1]" started-at="2023-02-15T00:13:30 IST" name="initExtentReport" finished-at="2023-02-15T00:13:31 IST" duration-ms="678" status="PASS">
          <reporter-output>
          </reporter-output>
        </test-method> <!-- initExtentReport -->
        <test-method is-config="true" signature="launch(org.testng.ITestContext)[pri:0, instance:testngDemo.testSuit@659499f1]" started-at="2023-02-15T00:13:31 IST" name="launch" finished-at="2023-02-15T00:13:39 IST" duration-ms="8842" status="FAIL">
          <params>
            <param index="0">
              <value>
                <![CDATA[org.testng.TestRunner@639aba11]]>
              </value>
            </param>
          </params>
          <exception class="java.lang.NullPointerException">
            <message>
              <![CDATA[Cannot invoke "String.replaceAll(String, String)" because "x" is null]]>
            </message>
            <full-stacktrace>
              <![CDATA[java.lang.NullPointerException: Cannot invoke "String.replaceAll(String, String)" because "x" is null
at com.aventstack.extentreports.ExtentTest.lambda$assignAuthor$1(ExtentTest.java:1041)
at java.base/java.util.Spliterators$ArraySpliterator.forEachRemaining(Spliterators.java:992)
at java.base/java.util.stream.ReferencePipeline$Head.forEach(ReferencePipeline.java:762)
at com.aventstack.extentreports.ExtentTest.assignAuthor(ExtentTest.java:1040)
at testngDemo.A.launch(A.java:39)
at java.base/jdk.internal.reflect.NativeMethodAccessorImpl.invoke0(Native Method)
at java.base/jdk.internal.reflect.NativeMethodAccessorImpl.invoke(NativeMethodAccessorImpl.java:77)
at java.base/jdk.internal.reflect.DelegatingMethodAccessorImpl.invoke(DelegatingMethodAccessorImpl.java:43)
at java.base/java.lang.reflect.Method.invoke(Method.java:568)
at org.testng.internal.MethodInvocationHelper.invokeMethod(MethodInvocationHelper.java:133)
at org.testng.internal.MethodInvocationHelper.invokeMethodConsideringTimeout(MethodInvocationHelper.java:62)
at org.testng.internal.ConfigInvoker.invokeConfigurationMethod(ConfigInvoker.java:385)
at org.testng.internal.ConfigInvoker.invokeConfigurations(ConfigInvoker.java:321)
at org.testng.TestRunner.invokeTestConfigurations(TestRunner.java:637)
at org.testng.TestRunner.beforeRun(TestRunner.java:627)
at org.testng.TestRunner.run(TestRunner.java:589)
at org.testng.SuiteRunner.runTest(SuiteRunner.java:377)
at org.testng.SuiteRunner.runSequentially(SuiteRunner.java:371)
at org.testng.SuiteRunner.privateRun(SuiteRunner.java:332)
at org.testng.SuiteRunner.run(SuiteRunner.java:276)
at org.testng.SuiteRunnerWorker.runSuite(SuiteRunnerWorker.java:53)
at org.testng.SuiteRunnerWorker.run(SuiteRunnerWorker.java:96)
at org.testng.TestNG.runSuitesSequentially(TestNG.java:1212)
at org.testng.TestNG.runSuitesLocally(TestNG.java:1134)
at org.testng.TestNG.runSuites(TestNG.java:1063)
at org.testng.TestNG.run(TestNG.java:1031)
at org.testng.remote.AbstractRemoteTestNG.run(AbstractRemoteTestNG.java:115)
at org.testng.remote.RemoteTestNG.initAndRun(RemoteTestNG.java:251)
at org.testng.remote.RemoteTestNG.main(RemoteTestNG.java:77)
]]>
            </full-stacktrace>
          </exception> <!-- java.lang.NullPointerException -->
          <reporter-output>
          </reporter-output>
        </test-method> <!-- launch -->
        <test-method is-config="true" signature="quit()[pri:0, instance:testngDemo.testSuit@659499f1]" started-at="2023-02-15T00:13:40 IST" name="quit" finished-at="1970-01-01T05:30:00 IST" duration-ms="-1676400220009" status="SKIP">
          <reporter-output>
          </reporter-output>
        </test-method> <!-- quit -->
        <test-method is-config="true" signature="flush()[pri:0, instance:testngDemo.testSuit@659499f1]" started-at="2023-02-15T00:13:40 IST" name="flush" finished-at="1970-01-01T05:30:00 IST" duration-ms="-1676400220074" status="SKIP">
          <reporter-output>
          </reporter-output>
        </test-method> <!-- flush -->
      </class> <!-- testngDemo.testSuit -->
    </test> <!-- Default test -->
  </suite> <!-- Default suite -->
</testng-results>
